<?xml version="1.0" encoding="UTF-8"?>
<!-- Generated by org.testng.reporters.JUnitXMLReporter -->
<testsuite hostname="WLW7-ABHISHEKK" name="TestNgMavenTest" tests="2" failures="0" timestamp="7 Feb 2017 07:15:22 GMT" time="0.027" errors="0">
  <testcase name="exampleOfTestNgMaven" time="0.008" classname="com.javacodegeeks.testng.maven.TestNgMavenExample"/>
  <testcase name="oneMoreTest" time="0.006" classname="com.javacodegeeks.testng.maven.TestNgMavenSecondClass"/>
</testsuite> <!-- TestNgMavenTest -->
